2022-05-13 14:39:18.073  INFO 6480 --- [main] f.d.m.MiseEnSituationApplication         : Starting MiseEnSituationApplication on cc483a4c5db3 with PID 6480 (C:\Users\Admin stagiaire.DESKTOP-8967908\Desktop\cours 2022\mise_en_situation\miseEnSituation\target\classes started by Admin stagiaire in C:\Users\Admin stagiaire.DESKTOP-8967908\Desktop\cours 2022\mise_en_situation\miseEnSituation)
2022-05-13 14:39:18.077  INFO 6480 --- [main] f.d.m.MiseEnSituationApplication         : No active profile set, falling back to default profiles: default
2022-05-13 14:39:18.852  INFO 6480 --- [main] .s.d.r.c.RepositoryConfigurationDelegate : Bootstrapping Spring Data JPA repositories in DEFERRED mode.
2022-05-13 14:39:18.936  INFO 6480 --- [main] .s.d.r.c.RepositoryConfigurationDelegate : Finished Spring Data repository scanning in 77ms. Found 13 JPA repository interfaces.
2022-05-13 14:39:19.285  INFO 6480 --- [main] o.s.b.w.embedded.tomcat.TomcatWebServer  : Tomcat initialized with port(s): 8080 (http)
2022-05-13 14:39:19.292  INFO 6480 --- [main] o.apache.catalina.core.StandardService   : Starting service [Tomcat]
2022-05-13 14:39:19.292  INFO 6480 --- [main] org.apache.catalina.core.StandardEngine  : Starting Servlet engine: [Apache Tomcat/9.0.36]
2022-05-13 14:39:19.381  INFO 6480 --- [main] o.a.c.c.C.[Tomcat].[localhost].[/]       : Initializing Spring embedded WebApplicationContext
2022-05-13 14:39:19.381  INFO 6480 --- [main] w.s.c.ServletWebServerApplicationContext : Root WebApplicationContext: initialization completed in 1276 ms
2022-05-13 14:39:19.573  INFO 6480 --- [main] o.s.s.concurrent.ThreadPoolTaskExecutor  : Initializing ExecutorService 'applicationTaskExecutor'
2022-05-13 14:39:19.609  INFO 6480 --- [task-1] o.hibernate.jpa.internal.util.LogHelper  : HHH000204: Processing PersistenceUnitInfo [name: default]
2022-05-13 14:39:19.651  INFO 6480 --- [task-1] org.hibernate.Version                    : HHH000412: Hibernate ORM core version 5.4.17.Final
2022-05-13 14:39:19.836  INFO 6480 --- [task-1] o.hibernate.annotations.common.Version   : HCANN000001: Hibernate Commons Annotations {5.1.0.Final}
2022-05-13 14:39:19.907  WARN 6480 --- [main] JpaBaseConfiguration$JpaWebConfiguration : spring.jpa.open-in-view is enabled by default. Therefore, database queries may be performed during view rendering. Explicitly configure spring.jpa.open-in-view to disable this warning
2022-05-13 14:39:19.913  INFO 6480 --- [task-1] com.zaxxer.hikari.HikariDataSource       : HikariPool-1 - Starting...
2022-05-13 14:39:19.945  INFO 6480 --- [task-1] com.zaxxer.hikari.HikariDataSource       : HikariPool-1 - Start completed.
2022-05-13 14:39:19.957  INFO 6480 --- [task-1] org.hibernate.dialect.Dialect            : HHH000400: Using dialect: org.hibernate.dialect.MariaDBDialect
2022-05-13 14:39:20.597  INFO 6480 --- [task-1] o.h.e.t.j.p.i.JtaPlatformInitiator       : HHH000490: Using JtaPlatform implementation: [org.hibernate.engine.transaction.jta.platform.internal.NoJtaPlatform]
2022-05-13 14:39:20.602  INFO 6480 --- [task-1] j.LocalContainerEntityManagerFactoryBean : Initialized JPA EntityManagerFactory for persistence unit 'default'
2022-05-13 14:39:20.634  INFO 6480 --- [main] o.s.b.a.e.web.EndpointLinksResolver      : Exposing 2 endpoint(s) beneath base path '/actuator'
2022-05-13 14:39:20.672  INFO 6480 --- [main] o.s.b.w.embedded.tomcat.TomcatWebServer  : Tomcat started on port(s): 8080 (http) with context path ''
2022-05-13 14:39:20.672  INFO 6480 --- [main] DeferredRepositoryInitializationListener : Triggering deferred initialization of Spring Data repositories…
2022-05-13 14:39:21.065  INFO 6480 --- [main] DeferredRepositoryInitializationListener : Spring Data repositories initialized!
2022-05-13 14:39:21.076  INFO 6480 --- [main] f.d.m.MiseEnSituationApplication         : Started MiseEnSituationApplication in 3.293 seconds (JVM running for 3.898)
2022-05-13 14:39:21.805  INFO 6480 --- [RMI TCP Connection(5)-192.168.1.76] o.a.c.c.C.[Tomcat].[localhost].[/]       : Initializing Spring DispatcherServlet 'dispatcherServlet'
2022-05-13 14:39:21.806  INFO 6480 --- [RMI TCP Connection(5)-192.168.1.76] o.s.web.servlet.DispatcherServlet        : Initializing Servlet 'dispatcherServlet'
2022-05-13 14:39:21.810  INFO 6480 --- [RMI TCP Connection(5)-192.168.1.76] o.s.web.servlet.DispatcherServlet        : Completed initialization in 4 ms
2022-05-13 14:39:35.240  WARN 6480 --- [http-nio-8080-exec-5] .w.s.m.s.DefaultHandlerExceptionResolver : Resolved [org.springframework.http.converter.HttpMessageNotWritableException: No converter for [class java.util.ArrayList] with preset Content-Type 'null']
2022-05-13 14:52:50.444  WARN 6480 --- [http-nio-8080-exec-4] .w.s.m.s.DefaultHandlerExceptionResolver : Resolved [org.springframework.http.converter.HttpMessageNotWritableException: No converter for [class java.util.ArrayList] with preset Content-Type 'null']
2022-05-13 14:53:36.822  WARN 6480 --- [http-nio-8080-exec-6] .w.s.m.s.DefaultHandlerExceptionResolver : Resolved [org.springframework.http.converter.HttpMessageNotWritableException: No converter for [class java.util.ArrayList] with preset Content-Type 'null']
2022-05-13 15:00:39.574  INFO 8356 --- [main] f.d.m.MiseEnSituationApplication         : Starting MiseEnSituationApplication on cc483a4c5db3 with PID 8356 (C:\Users\Admin stagiaire.DESKTOP-8967908\Desktop\cours 2022\mise_en_situation\miseEnSituation\target\classes started by Admin stagiaire in C:\Users\Admin stagiaire.DESKTOP-8967908\Desktop\cours 2022\mise_en_situation\miseEnSituation)
2022-05-13 15:00:39.576  INFO 8356 --- [main] f.d.m.MiseEnSituationApplication         : No active profile set, falling back to default profiles: default
2022-05-13 15:00:40.242  INFO 8356 --- [main] .s.d.r.c.RepositoryConfigurationDelegate : Bootstrapping Spring Data JPA repositories in DEFERRED mode.
2022-05-13 15:00:40.317  INFO 8356 --- [main] .s.d.r.c.RepositoryConfigurationDelegate : Finished Spring Data repository scanning in 69ms. Found 13 JPA repository interfaces.
2022-05-13 15:00:40.623  INFO 8356 --- [main] o.s.b.w.embedded.tomcat.TomcatWebServer  : Tomcat initialized with port(s): 8080 (http)
2022-05-13 15:00:40.629  INFO 8356 --- [main] o.apache.catalina.core.StandardService   : Starting service [Tomcat]
2022-05-13 15:00:40.629  INFO 8356 --- [main] org.apache.catalina.core.StandardEngine  : Starting Servlet engine: [Apache Tomcat/9.0.36]
2022-05-13 15:00:40.721  INFO 8356 --- [main] o.a.c.c.C.[Tomcat].[localhost].[/]       : Initializing Spring embedded WebApplicationContext
2022-05-13 15:00:40.721  INFO 8356 --- [main] w.s.c.ServletWebServerApplicationContext : Root WebApplicationContext: initialization completed in 1120 ms
2022-05-13 15:00:40.897  INFO 8356 --- [main] o.s.s.concurrent.ThreadPoolTaskExecutor  : Initializing ExecutorService 'applicationTaskExecutor'
2022-05-13 15:00:40.933  INFO 8356 --- [task-1] o.hibernate.jpa.internal.util.LogHelper  : HHH000204: Processing PersistenceUnitInfo [name: default]
2022-05-13 15:00:40.961  INFO 8356 --- [task-1] org.hibernate.Version                    : HHH000412: Hibernate ORM core version 5.4.17.Final
2022-05-13 15:00:41.086  INFO 8356 --- [task-1] o.hibernate.annotations.common.Version   : HCANN000001: Hibernate Commons Annotations {5.1.0.Final}
2022-05-13 15:00:41.142  INFO 8356 --- [task-1] com.zaxxer.hikari.HikariDataSource       : HikariPool-1 - Starting...
2022-05-13 15:00:41.167  INFO 8356 --- [task-1] com.zaxxer.hikari.HikariDataSource       : HikariPool-1 - Start completed.
2022-05-13 15:00:41.169  WARN 8356 --- [main] JpaBaseConfiguration$JpaWebConfiguration : spring.jpa.open-in-view is enabled by default. Therefore, database queries may be performed during view rendering. Explicitly configure spring.jpa.open-in-view to disable this warning
2022-05-13 15:00:41.177  INFO 8356 --- [task-1] org.hibernate.dialect.Dialect            : HHH000400: Using dialect: org.hibernate.dialect.MariaDBDialect
2022-05-13 15:00:41.734  INFO 8356 --- [task-1] o.h.e.t.j.p.i.JtaPlatformInitiator       : HHH000490: Using JtaPlatform implementation: [org.hibernate.engine.transaction.jta.platform.internal.NoJtaPlatform]
2022-05-13 15:00:41.738  INFO 8356 --- [task-1] j.LocalContainerEntityManagerFactoryBean : Initialized JPA EntityManagerFactory for persistence unit 'default'
2022-05-13 15:00:41.769  INFO 8356 --- [main] o.s.b.a.e.web.EndpointLinksResolver      : Exposing 2 endpoint(s) beneath base path '/actuator'
2022-05-13 15:00:41.807  INFO 8356 --- [main] o.s.b.w.embedded.tomcat.TomcatWebServer  : Tomcat started on port(s): 8080 (http) with context path ''
2022-05-13 15:00:41.807  INFO 8356 --- [main] DeferredRepositoryInitializationListener : Triggering deferred initialization of Spring Data repositories…
2022-05-13 15:00:42.169  INFO 8356 --- [main] DeferredRepositoryInitializationListener : Spring Data repositories initialized!
2022-05-13 15:00:42.178  INFO 8356 --- [main] f.d.m.MiseEnSituationApplication         : Started MiseEnSituationApplication in 2.83 seconds (JVM running for 3.32)
2022-05-13 15:00:42.819  INFO 8356 --- [RMI TCP Connection(2)-192.168.1.76] o.a.c.c.C.[Tomcat].[localhost].[/]       : Initializing Spring DispatcherServlet 'dispatcherServlet'
2022-05-13 15:00:42.820  INFO 8356 --- [RMI TCP Connection(2)-192.168.1.76] o.s.web.servlet.DispatcherServlet        : Initializing Servlet 'dispatcherServlet'
2022-05-13 15:00:42.823  INFO 8356 --- [RMI TCP Connection(2)-192.168.1.76] o.s.web.servlet.DispatcherServlet        : Completed initialization in 3 ms
2022-05-13 15:20:31.367  WARN 8356 --- [http-nio-8080-exec-9] .w.s.m.s.DefaultHandlerExceptionResolver : Resolved [org.springframework.web.method.annotation.MethodArgumentTypeMismatchException: Failed to convert value of type 'java.lang.String' to required type 'long'; nested exception is java.lang.NumberFormatException: For input string: "count"]
2022-05-13 15:22:58.072  WARN 8356 --- [http-nio-8080-exec-4] .w.s.m.s.DefaultHandlerExceptionResolver : Resolved [org.springframework.web.method.annotation.MethodArgumentTypeMismatchException: Failed to convert value of type 'java.lang.String' to required type 'long'; nested exception is java.lang.NumberFormatException: For input string: "count"]
2022-05-13 15:47:33.949  WARN 8356 --- [http-nio-8080-exec-6] .w.s.m.s.DefaultHandlerExceptionResolver : Resolved [org.springframework.web.method.annotation.MethodArgumentTypeMismatchException: Failed to convert value of type 'java.lang.String' to required type 'long'; nested exception is java.lang.NumberFormatException: For input string: "count"]
2022-05-13 15:48:05.567  INFO 10124 --- [main] f.d.m.MiseEnSituationApplication         : Starting MiseEnSituationApplication on cc483a4c5db3 with PID 10124 (C:\Users\Admin stagiaire.DESKTOP-8967908\Desktop\cours 2022\mise_en_situation\miseEnSituation\target\classes started by Admin stagiaire in C:\Users\Admin stagiaire.DESKTOP-8967908\Desktop\cours 2022\mise_en_situation\miseEnSituation)
2022-05-13 15:48:05.569  INFO 10124 --- [main] f.d.m.MiseEnSituationApplication         : No active profile set, falling back to default profiles: default
2022-05-13 15:48:06.239  INFO 10124 --- [main] .s.d.r.c.RepositoryConfigurationDelegate : Bootstrapping Spring Data JPA repositories in DEFERRED mode.
2022-05-13 15:48:06.310  INFO 10124 --- [main] .s.d.r.c.RepositoryConfigurationDelegate : Finished Spring Data repository scanning in 67ms. Found 13 JPA repository interfaces.
2022-05-13 15:48:06.617  INFO 10124 --- [main] o.s.b.w.embedded.tomcat.TomcatWebServer  : Tomcat initialized with port(s): 8080 (http)
2022-05-13 15:48:06.622  INFO 10124 --- [main] o.apache.catalina.core.StandardService   : Starting service [Tomcat]
2022-05-13 15:48:06.622  INFO 10124 --- [main] org.apache.catalina.core.StandardEngine  : Starting Servlet engine: [Apache Tomcat/9.0.36]
2022-05-13 15:48:06.707  INFO 10124 --- [main] o.a.c.c.C.[Tomcat].[localhost].[/]       : Initializing Spring embedded WebApplicationContext
2022-05-13 15:48:06.708  INFO 10124 --- [main] w.s.c.ServletWebServerApplicationContext : Root WebApplicationContext: initialization completed in 1112 ms
2022-05-13 15:48:06.892  INFO 10124 --- [main] o.s.s.concurrent.ThreadPoolTaskExecutor  : Initializing ExecutorService 'applicationTaskExecutor'
2022-05-13 15:48:06.923  INFO 10124 --- [task-1] o.hibernate.jpa.internal.util.LogHelper  : HHH000204: Processing PersistenceUnitInfo [name: default]
2022-05-13 15:48:06.951  INFO 10124 --- [task-1] org.hibernate.Version                    : HHH000412: Hibernate ORM core version 5.4.17.Final
2022-05-13 15:48:07.101  INFO 10124 --- [task-1] o.hibernate.annotations.common.Version   : HCANN000001: Hibernate Commons Annotations {5.1.0.Final}
2022-05-13 15:48:07.161  INFO 10124 --- [task-1] com.zaxxer.hikari.HikariDataSource       : HikariPool-1 - Starting...
2022-05-13 15:48:07.186  INFO 10124 --- [task-1] com.zaxxer.hikari.HikariDataSource       : HikariPool-1 - Start completed.
2022-05-13 15:48:07.191  WARN 10124 --- [main] JpaBaseConfiguration$JpaWebConfiguration : spring.jpa.open-in-view is enabled by default. Therefore, database queries may be performed during view rendering. Explicitly configure spring.jpa.open-in-view to disable this warning
2022-05-13 15:48:07.196  INFO 10124 --- [task-1] org.hibernate.dialect.Dialect            : HHH000400: Using dialect: org.hibernate.dialect.MariaDBDialect
2022-05-13 15:48:07.766  INFO 10124 --- [task-1] o.h.e.t.j.p.i.JtaPlatformInitiator       : HHH000490: Using JtaPlatform implementation: [org.hibernate.engine.transaction.jta.platform.internal.NoJtaPlatform]
2022-05-13 15:48:07.770  INFO 10124 --- [task-1] j.LocalContainerEntityManagerFactoryBean : Initialized JPA EntityManagerFactory for persistence unit 'default'
2022-05-13 15:48:07.801  INFO 10124 --- [main] o.s.b.a.e.web.EndpointLinksResolver      : Exposing 2 endpoint(s) beneath base path '/actuator'
2022-05-13 15:48:07.839  INFO 10124 --- [main] o.s.b.w.embedded.tomcat.TomcatWebServer  : Tomcat started on port(s): 8080 (http) with context path ''
2022-05-13 15:48:07.839  INFO 10124 --- [main] DeferredRepositoryInitializationListener : Triggering deferred initialization of Spring Data repositories…
2022-05-13 15:48:08.205  INFO 10124 --- [main] DeferredRepositoryInitializationListener : Spring Data repositories initialized!
2022-05-13 15:48:08.214  INFO 10124 --- [main] f.d.m.MiseEnSituationApplication         : Started MiseEnSituationApplication in 2.877 seconds (JVM running for 3.381)
2022-05-13 15:48:08.861  INFO 10124 --- [RMI TCP Connection(2)-192.168.1.76] o.a.c.c.C.[Tomcat].[localhost].[/]       : Initializing Spring DispatcherServlet 'dispatcherServlet'
2022-05-13 15:48:08.861  INFO 10124 --- [RMI TCP Connection(2)-192.168.1.76] o.s.web.servlet.DispatcherServlet        : Initializing Servlet 'dispatcherServlet'
2022-05-13 15:48:08.865  INFO 10124 --- [RMI TCP Connection(2)-192.168.1.76] o.s.web.servlet.DispatcherServlet        : Completed initialization in 4 ms
2022-05-13 15:53:12.213  WARN 10124 --- [http-nio-8080-exec-6] .w.s.m.s.DefaultHandlerExceptionResolver : Resolved [org.springframework.web.method.annotation.MethodArgumentTypeMismatchException: Failed to convert value of type 'java.lang.String' to required type 'long'; nested exception is java.lang.NumberFormatException: For input string: "count"]
2022-05-13 15:53:12.218  WARN 10124 --- [http-nio-8080-exec-9] .w.s.m.s.DefaultHandlerExceptionResolver : Resolved [org.springframework.web.method.annotation.MethodArgumentTypeMismatchException: Failed to convert value of type 'java.lang.String' to required type 'long'; nested exception is java.lang.NumberFormatException: For input string: "count"]
2022-05-13 15:54:20.096  WARN 10124 --- [http-nio-8080-exec-7] .w.s.m.s.DefaultHandlerExceptionResolver : Resolved [org.springframework.web.method.annotation.MethodArgumentTypeMismatchException: Failed to convert value of type 'java.lang.String' to required type 'long'; nested exception is java.lang.NumberFormatException: For input string: "count"]
2022-05-13 15:54:20.105  WARN 10124 --- [http-nio-8080-exec-1] .w.s.m.s.DefaultHandlerExceptionResolver : Resolved [org.springframework.web.method.annotation.MethodArgumentTypeMismatchException: Failed to convert value of type 'java.lang.String' to required type 'long'; nested exception is java.lang.NumberFormatException: For input string: "count"]
2022-05-13 15:54:27.523  WARN 10124 --- [http-nio-8080-exec-4] .w.s.m.s.DefaultHandlerExceptionResolver : Resolved [org.springframework.web.method.annotation.MethodArgumentTypeMismatchException: Failed to convert value of type 'java.lang.String' to required type 'long'; nested exception is java.lang.NumberFormatException: For input string: "count"]
2022-05-13 15:54:27.532  WARN 10124 --- [http-nio-8080-exec-5] .w.s.m.s.DefaultHandlerExceptionResolver : Resolved [org.springframework.web.method.annotation.MethodArgumentTypeMismatchException: Failed to convert value of type 'java.lang.String' to required type 'long'; nested exception is java.lang.NumberFormatException: For input string: "count"]
2022-05-13 15:55:55.313  WARN 10124 --- [http-nio-8080-exec-7] .w.s.m.s.DefaultHandlerExceptionResolver : Resolved [org.springframework.web.method.annotation.MethodArgumentTypeMismatchException: Failed to convert value of type 'java.lang.String' to required type 'long'; nested exception is java.lang.NumberFormatException: For input string: "count"]
2022-05-13 15:55:55.327  WARN 10124 --- [http-nio-8080-exec-1] .w.s.m.s.DefaultHandlerExceptionResolver : Resolved [org.springframework.web.method.annotation.MethodArgumentTypeMismatchException: Failed to convert value of type 'java.lang.String' to required type 'long'; nested exception is java.lang.NumberFormatException: For input string: "count"]
2022-05-13 15:59:33.366  WARN 10124 --- [http-nio-8080-exec-5] .w.s.m.s.DefaultHandlerExceptionResolver : Resolved [org.springframework.web.method.annotation.MethodArgumentTypeMismatchException: Failed to convert value of type 'java.lang.String' to required type 'long'; nested exception is java.lang.NumberFormatException: For input string: "count"]
2022-05-13 15:59:33.375  WARN 10124 --- [http-nio-8080-exec-6] .w.s.m.s.DefaultHandlerExceptionResolver : Resolved [org.springframework.web.method.annotation.MethodArgumentTypeMismatchException: Failed to convert value of type 'java.lang.String' to required type 'long'; nested exception is java.lang.NumberFormatException: For input string: "count"]
2022-05-13 16:08:50.587  WARN 10124 --- [http-nio-8080-exec-10] .w.s.m.s.DefaultHandlerExceptionResolver : Resolved [org.springframework.web.method.annotation.MethodArgumentTypeMismatchException: Failed to convert value of type 'java.lang.String' to required type 'long'; nested exception is java.lang.NumberFormatException: For input string: "count"]
2022-05-13 16:08:50.596  WARN 10124 --- [http-nio-8080-exec-2] .w.s.m.s.DefaultHandlerExceptionResolver : Resolved [org.springframework.web.method.annotation.MethodArgumentTypeMismatchException: Failed to convert value of type 'java.lang.String' to required type 'long'; nested exception is java.lang.NumberFormatException: For input string: "count"]
2022-05-13 16:10:39.339  WARN 10124 --- [http-nio-8080-exec-6] .w.s.m.s.DefaultHandlerExceptionResolver : Resolved [org.springframework.web.method.annotation.MethodArgumentTypeMismatchException: Failed to convert value of type 'java.lang.String' to required type 'long'; nested exception is java.lang.NumberFormatException: For input string: "count"]
2022-05-13 16:10:39.349  WARN 10124 --- [http-nio-8080-exec-7] .w.s.m.s.DefaultHandlerExceptionResolver : Resolved [org.springframework.web.method.annotation.MethodArgumentTypeMismatchException: Failed to convert value of type 'java.lang.String' to required type 'long'; nested exception is java.lang.NumberFormatException: For input string: "count"]
2022-05-13 16:11:43.975  WARN 10124 --- [http-nio-8080-exec-2] .w.s.m.s.DefaultHandlerExceptionResolver : Resolved [org.springframework.web.method.annotation.MethodArgumentTypeMismatchException: Failed to convert value of type 'java.lang.String' to required type 'long'; nested exception is java.lang.NumberFormatException: For input string: "count"]
2022-05-13 16:11:43.989  WARN 10124 --- [http-nio-8080-exec-3] .w.s.m.s.DefaultHandlerExceptionResolver : Resolved [org.springframework.web.method.annotation.MethodArgumentTypeMismatchException: Failed to convert value of type 'java.lang.String' to required type 'long'; nested exception is java.lang.NumberFormatException: For input string: "count"]
2022-05-13 16:12:08.549  WARN 10124 --- [http-nio-8080-exec-6] .w.s.m.s.DefaultHandlerExceptionResolver : Resolved [org.springframework.web.method.annotation.MethodArgumentTypeMismatchException: Failed to convert value of type 'java.lang.String' to required type 'long'; nested exception is java.lang.NumberFormatException: For input string: "count"]
2022-05-13 16:12:08.570  WARN 10124 --- [http-nio-8080-exec-7] .w.s.m.s.DefaultHandlerExceptionResolver : Resolved [org.springframework.web.method.annotation.MethodArgumentTypeMismatchException: Failed to convert value of type 'java.lang.String' to required type 'long'; nested exception is java.lang.NumberFormatException: For input string: "count"]
2022-05-13 16:12:20.750  WARN 10124 --- [http-nio-8080-exec-1] .w.s.m.s.DefaultHandlerExceptionResolver : Resolved [org.springframework.web.method.annotation.MethodArgumentTypeMismatchException: Failed to convert value of type 'java.lang.String' to required type 'long'; nested exception is java.lang.NumberFormatException: For input string: "count"]
2022-05-13 16:12:20.760  WARN 10124 --- [http-nio-8080-exec-4] .w.s.m.s.DefaultHandlerExceptionResolver : Resolved [org.springframework.web.method.annotation.MethodArgumentTypeMismatchException: Failed to convert value of type 'java.lang.String' to required type 'long'; nested exception is java.lang.NumberFormatException: For input string: "count"]
2022-05-13 16:13:19.278  WARN 10124 --- [http-nio-8080-exec-8] .w.s.m.s.DefaultHandlerExceptionResolver : Resolved [org.springframework.web.method.annotation.MethodArgumentTypeMismatchException: Failed to convert value of type 'java.lang.String' to required type 'long'; nested exception is java.lang.NumberFormatException: For input string: "count"]
2022-05-13 16:13:19.294  WARN 10124 --- [http-nio-8080-exec-9] .w.s.m.s.DefaultHandlerExceptionResolver : Resolved [org.springframework.web.method.annotation.MethodArgumentTypeMismatchException: Failed to convert value of type 'java.lang.String' to required type 'long'; nested exception is java.lang.NumberFormatException: For input string: "count"]
2022-05-13 16:13:45.309 ERROR 10124 --- [http-nio-8080-exec-2] o.a.c.c.C.[.[.[/].[dispatcherServlet]    : Servlet.service() for servlet [dispatcherServlet] in context with path [] threw exception [Request processing failed; nested exception is java.lang.IllegalArgumentException: Page size must not be less than one!] with root cause

java.lang.IllegalArgumentException: Page size must not be less than one!
	at org.springframework.data.domain.AbstractPageRequest.<init>(AbstractPageRequest.java:50) ~[spring-data-commons-2.3.1.RELEASE.jar:2.3.1.RELEASE]
	at org.springframework.data.domain.PageRequest.<init>(PageRequest.java:43) ~[spring-data-commons-2.3.1.RELEASE.jar:2.3.1.RELEASE]
	at org.springframework.data.domain.PageRequest.of(PageRequest.java:70) ~[spring-data-commons-2.3.1.RELEASE.jar:2.3.1.RELEASE]
	at org.springframework.data.domain.PageRequest.of(PageRequest.java:58) ~[spring-data-commons-2.3.1.RELEASE.jar:2.3.1.RELEASE]
	at fr.dawan.miseEnSituation.services.UtilisateurServiceImpl.findByNameSearch(UtilisateurServiceImpl.java:98) ~[classes/:na]
	at fr.dawan.miseEnSituation.controllers.UtilisateurController.getByNameSearch(UtilisateurController.java:40) ~[classes/:na]
	at sun.reflect.NativeMethodAccessorImpl.invoke0(Native Method) ~[na:1.8.0_301]
	at sun.reflect.NativeMethodAccessorImpl.invoke(NativeMethodAccessorImpl.java:62) ~[na:1.8.0_301]
	at sun.reflect.DelegatingMethodAccessorImpl.invoke(DelegatingMethodAccessorImpl.java:43) ~[na:1.8.0_301]
	at java.lang.reflect.Method.invoke(Method.java:498) ~[na:1.8.0_301]
	at org.springframework.web.method.support.InvocableHandlerMethod.doInvoke(InvocableHandlerMethod.java:190) ~[spring-web-5.2.7.RELEASE.jar:5.2.7.RELEASE]
	at org.springframework.web.method.support.InvocableHandlerMethod.invokeForRequest(InvocableHandlerMethod.java:138) ~[spring-web-5.2.7.RELEASE.jar:5.2.7.RELEASE]
	at org.springframework.web.servlet.mvc.method.annotation.ServletInvocableHandlerMethod.invokeAndHandle(ServletInvocableHandlerMethod.java:105) ~[spring-webmvc-5.2.7.RELEASE.jar:5.2.7.RELEASE]
	at org.springframework.web.servlet.mvc.method.annotation.RequestMappingHandlerAdapter.invokeHandlerMethod(RequestMappingHandlerAdapter.java:879) ~[spring-webmvc-5.2.7.RELEASE.jar:5.2.7.RELEASE]
	at org.springframework.web.servlet.mvc.method.annotation.RequestMappingHandlerAdapter.handleInternal(RequestMappingHandlerAdapter.java:793) ~[spring-webmvc-5.2.7.RELEASE.jar:5.2.7.RELEASE]
	at org.springframework.web.servlet.mvc.method.AbstractHandlerMethodAdapter.handle(AbstractHandlerMethodAdapter.java:87) ~[spring-webmvc-5.2.7.RELEASE.jar:5.2.7.RELEASE]
	at org.springframework.web.servlet.DispatcherServlet.doDispatch(DispatcherServlet.java:1040) ~[spring-webmvc-5.2.7.RELEASE.jar:5.2.7.RELEASE]
	at org.springframework.web.servlet.DispatcherServlet.doService(DispatcherServlet.java:943) ~[spring-webmvc-5.2.7.RELEASE.jar:5.2.7.RELEASE]
	at org.springframework.web.servlet.FrameworkServlet.processRequest(FrameworkServlet.java:1006) ~[spring-webmvc-5.2.7.RELEASE.jar:5.2.7.RELEASE]
	at org.springframework.web.servlet.FrameworkServlet.doGet(FrameworkServlet.java:898) ~[spring-webmvc-5.2.7.RELEASE.jar:5.2.7.RELEASE]
	at javax.servlet.http.HttpServlet.service(HttpServlet.java:634) ~[tomcat-embed-core-9.0.36.jar:9.0.36]
	at org.springframework.web.servlet.FrameworkServlet.service(FrameworkServlet.java:883) ~[spring-webmvc-5.2.7.RELEASE.jar:5.2.7.RELEASE]
	at javax.servlet.http.HttpServlet.service(HttpServlet.java:741) ~[tomcat-embed-core-9.0.36.jar:9.0.36]
	at org.apache.catalina.core.ApplicationFilterChain.internalDoFilter(ApplicationFilterChain.java:231) ~[tomcat-embed-core-9.0.36.jar:9.0.36]
	at org.apache.catalina.core.ApplicationFilterChain.doFilter(ApplicationFilterChain.java:166) ~[tomcat-embed-core-9.0.36.jar:9.0.36]
	at org.apache.tomcat.websocket.server.WsFilter.doFilter(WsFilter.java:53) ~[tomcat-embed-websocket-9.0.36.jar:9.0.36]
	at org.apache.catalina.core.ApplicationFilterChain.internalDoFilter(ApplicationFilterChain.java:193) ~[tomcat-embed-core-9.0.36.jar:9.0.36]
	at org.apache.catalina.core.ApplicationFilterChain.doFilter(ApplicationFilterChain.java:166) ~[tomcat-embed-core-9.0.36.jar:9.0.36]
	at org.springframework.web.servlet.resource.ResourceUrlEncodingFilter.doFilter(ResourceUrlEncodingFilter.java:64) ~[spring-webmvc-5.2.7.RELEASE.jar:5.2.7.RELEASE]
	at org.apache.catalina.core.ApplicationFilterChain.internalDoFilter(ApplicationFilterChain.java:193) ~[tomcat-embed-core-9.0.36.jar:9.0.36]
	at org.apache.catalina.core.ApplicationFilterChain.doFilter(ApplicationFilterChain.java:166) ~[tomcat-embed-core-9.0.36.jar:9.0.36]
	at org.springframework.web.filter.RequestContextFilter.doFilterInternal(RequestContextFilter.java:100) ~[spring-web-5.2.7.RELEASE.jar:5.2.7.RELEASE]
	at org.springframework.web.filter.OncePerRequestFilter.doFilter(OncePerRequestFilter.java:119) ~[spring-web-5.2.7.RELEASE.jar:5.2.7.RELEASE]
	at org.apache.catalina.core.ApplicationFilterChain.internalDoFilter(ApplicationFilterChain.java:193) ~[tomcat-embed-core-9.0.36.jar:9.0.36]
	at org.apache.catalina.core.ApplicationFilterChain.doFilter(ApplicationFilterChain.java:166) ~[tomcat-embed-core-9.0.36.jar:9.0.36]
	at org.springframework.web.filter.FormContentFilter.doFilterInternal(FormContentFilter.java:93) ~[spring-web-5.2.7.RELEASE.jar:5.2.7.RELEASE]
	at org.springframework.web.filter.OncePerRequestFilter.doFilter(OncePerRequestFilter.java:119) ~[spring-web-5.2.7.RELEASE.jar:5.2.7.RELEASE]
	at org.apache.catalina.core.ApplicationFilterChain.internalDoFilter(ApplicationFilterChain.java:193) ~[tomcat-embed-core-9.0.36.jar:9.0.36]
	at org.apache.catalina.core.ApplicationFilterChain.doFilter(ApplicationFilterChain.java:166) ~[tomcat-embed-core-9.0.36.jar:9.0.36]
	at org.springframework.boot.actuate.metrics.web.servlet.WebMvcMetricsFilter.doFilterInternal(WebMvcMetricsFilter.java:93) ~[spring-boot-actuator-2.3.1.RELEASE.jar:2.3.1.RELEASE]
	at org.springframework.web.filter.OncePerRequestFilter.doFilter(OncePerRequestFilter.java:119) ~[spring-web-5.2.7.RELEASE.jar:5.2.7.RELEASE]
	at org.apache.catalina.core.ApplicationFilterChain.internalDoFilter(ApplicationFilterChain.java:193) ~[tomcat-embed-core-9.0.36.jar:9.0.36]
	at org.apache.catalina.core.ApplicationFilterChain.doFilter(ApplicationFilterChain.java:166) ~[tomcat-embed-core-9.0.36.jar:9.0.36]
	at org.springframework.web.filter.CharacterEncodingFilter.doFilterInternal(CharacterEncodingFilter.java:201) ~[spring-web-5.2.7.RELEASE.jar:5.2.7.RELEASE]
	at org.springframework.web.filter.OncePerRequestFilter.doFilter(OncePerRequestFilter.java:119) ~[spring-web-5.2.7.RELEASE.jar:5.2.7.RELEASE]
	at org.apache.catalina.core.ApplicationFilterChain.internalDoFilter(ApplicationFilterChain.java:193) ~[tomcat-embed-core-9.0.36.jar:9.0.36]
	at org.apache.catalina.core.ApplicationFilterChain.doFilter(ApplicationFilterChain.java:166) ~[tomcat-embed-core-9.0.36.jar:9.0.36]
	at org.apache.catalina.core.StandardWrapperValve.invoke(StandardWrapperValve.java:202) ~[tomcat-embed-core-9.0.36.jar:9.0.36]
	at org.apache.catalina.core.StandardContextValve.invoke(StandardContextValve.java:96) [tomcat-embed-core-9.0.36.jar:9.0.36]
	at org.apache.catalina.authenticator.AuthenticatorBase.invoke(AuthenticatorBase.java:541) [tomcat-embed-core-9.0.36.jar:9.0.36]
	at org.apache.catalina.core.StandardHostValve.invoke(StandardHostValve.java:139) [tomcat-embed-core-9.0.36.jar:9.0.36]
	at org.apache.catalina.valves.ErrorReportValve.invoke(ErrorReportValve.java:92) [tomcat-embed-core-9.0.36.jar:9.0.36]
	at org.apache.catalina.core.StandardEngineValve.invoke(StandardEngineValve.java:74) [tomcat-embed-core-9.0.36.jar:9.0.36]
	at org.apache.catalina.connector.CoyoteAdapter.service(CoyoteAdapter.java:343) [tomcat-embed-core-9.0.36.jar:9.0.36]
	at org.apache.coyote.http11.Http11Processor.service(Http11Processor.java:373) [tomcat-embed-core-9.0.36.jar:9.0.36]
	at org.apache.coyote.AbstractProcessorLight.process(AbstractProcessorLight.java:65) [tomcat-embed-core-9.0.36.jar:9.0.36]
	at org.apache.coyote.AbstractProtocol$ConnectionHandler.process(AbstractProtocol.java:868) [tomcat-embed-core-9.0.36.jar:9.0.36]
	at org.apache.tomcat.util.net.NioEndpoint$SocketProcessor.doRun(NioEndpoint.java:1590) [tomcat-embed-core-9.0.36.jar:9.0.36]
	at org.apache.tomcat.util.net.SocketProcessorBase.run(SocketProcessorBase.java:49) [tomcat-embed-core-9.0.36.jar:9.0.36]
	at java.util.concurrent.ThreadPoolExecutor.runWorker(ThreadPoolExecutor.java:1149) [na:1.8.0_301]
	at java.util.concurrent.ThreadPoolExecutor$Worker.run(ThreadPoolExecutor.java:624) [na:1.8.0_301]
	at org.apache.tomcat.util.threads.TaskThread$WrappingRunnable.run(TaskThread.java:61) [tomcat-embed-core-9.0.36.jar:9.0.36]
	at java.lang.Thread.run(Thread.java:748) [na:1.8.0_301]

2022-05-13 16:14:55.544  WARN 10124 --- [http-nio-8080-exec-4] .w.s.m.s.DefaultHandlerExceptionResolver : Resolved [org.springframework.web.method.annotation.MethodArgumentTypeMismatchException: Failed to convert value of type 'java.lang.String' to required type 'long'; nested exception is java.lang.NumberFormatException: For input string: "count"]
2022-05-13 16:14:55.555  WARN 10124 --- [http-nio-8080-exec-5] .w.s.m.s.DefaultHandlerExceptionResolver : Resolved [org.springframework.web.method.annotation.MethodArgumentTypeMismatchException: Failed to convert value of type 'java.lang.String' to required type 'long'; nested exception is java.lang.NumberFormatException: For input string: "count"]
2022-05-13 16:16:13.485  INFO 2548 --- [main] f.d.m.MiseEnSituationApplication         : Starting MiseEnSituationApplication on cc483a4c5db3 with PID 2548 (C:\Users\Admin stagiaire.DESKTOP-8967908\Desktop\cours 2022\mise_en_situation\miseEnSituation\target\classes started by Admin stagiaire in C:\Users\Admin stagiaire.DESKTOP-8967908\Desktop\cours 2022\mise_en_situation\miseEnSituation)
2022-05-13 16:16:13.487  INFO 2548 --- [main] f.d.m.MiseEnSituationApplication         : No active profile set, falling back to default profiles: default
2022-05-13 16:16:14.150  INFO 2548 --- [main] .s.d.r.c.RepositoryConfigurationDelegate : Bootstrapping Spring Data JPA repositories in DEFERRED mode.
2022-05-13 16:16:14.221  INFO 2548 --- [main] .s.d.r.c.RepositoryConfigurationDelegate : Finished Spring Data repository scanning in 66ms. Found 13 JPA repository interfaces.
2022-05-13 16:16:14.527  INFO 2548 --- [main] o.s.b.w.embedded.tomcat.TomcatWebServer  : Tomcat initialized with port(s): 8080 (http)
2022-05-13 16:16:14.533  INFO 2548 --- [main] o.apache.catalina.core.StandardService   : Starting service [Tomcat]
2022-05-13 16:16:14.533  INFO 2548 --- [main] org.apache.catalina.core.StandardEngine  : Starting Servlet engine: [Apache Tomcat/9.0.36]
2022-05-13 16:16:14.620  INFO 2548 --- [main] o.a.c.c.C.[Tomcat].[localhost].[/]       : Initializing Spring embedded WebApplicationContext
2022-05-13 16:16:14.620  INFO 2548 --- [main] w.s.c.ServletWebServerApplicationContext : Root WebApplicationContext: initialization completed in 1108 ms
2022-05-13 16:16:14.803  INFO 2548 --- [main] o.s.s.concurrent.ThreadPoolTaskExecutor  : Initializing ExecutorService 'applicationTaskExecutor'
2022-05-13 16:16:14.831  INFO 2548 --- [task-1] o.hibernate.jpa.internal.util.LogHelper  : HHH000204: Processing PersistenceUnitInfo [name: default]
2022-05-13 16:16:14.858  INFO 2548 --- [task-1] org.hibernate.Version                    : HHH000412: Hibernate ORM core version 5.4.17.Final
2022-05-13 16:16:15.000  INFO 2548 --- [task-1] o.hibernate.annotations.common.Version   : HCANN000001: Hibernate Commons Annotations {5.1.0.Final}
2022-05-13 16:16:15.058  INFO 2548 --- [task-1] com.zaxxer.hikari.HikariDataSource       : HikariPool-1 - Starting...
2022-05-13 16:16:15.084  INFO 2548 --- [task-1] com.zaxxer.hikari.HikariDataSource       : HikariPool-1 - Start completed.
2022-05-13 16:16:15.087  WARN 2548 --- [main] JpaBaseConfiguration$JpaWebConfiguration : spring.jpa.open-in-view is enabled by default. Therefore, database queries may be performed during view rendering. Explicitly configure spring.jpa.open-in-view to disable this warning
2022-05-13 16:16:15.093  INFO 2548 --- [task-1] org.hibernate.dialect.Dialect            : HHH000400: Using dialect: org.hibernate.dialect.MariaDBDialect
2022-05-13 16:16:15.653  INFO 2548 --- [task-1] o.h.e.t.j.p.i.JtaPlatformInitiator       : HHH000490: Using JtaPlatform implementation: [org.hibernate.engine.transaction.jta.platform.internal.NoJtaPlatform]
2022-05-13 16:16:15.658  INFO 2548 --- [task-1] j.LocalContainerEntityManagerFactoryBean : Initialized JPA EntityManagerFactory for persistence unit 'default'
2022-05-13 16:16:15.689  INFO 2548 --- [main] o.s.b.a.e.web.EndpointLinksResolver      : Exposing 2 endpoint(s) beneath base path '/actuator'
2022-05-13 16:16:15.726  INFO 2548 --- [main] o.s.b.w.embedded.tomcat.TomcatWebServer  : Tomcat started on port(s): 8080 (http) with context path ''
2022-05-13 16:16:15.727  INFO 2548 --- [main] DeferredRepositoryInitializationListener : Triggering deferred initialization of Spring Data repositories…
2022-05-13 16:16:16.097  INFO 2548 --- [main] DeferredRepositoryInitializationListener : Spring Data repositories initialized!
2022-05-13 16:16:16.106  INFO 2548 --- [main] f.d.m.MiseEnSituationApplication         : Started MiseEnSituationApplication in 2.848 seconds (JVM running for 3.349)
2022-05-13 16:16:16.755  INFO 2548 --- [RMI TCP Connection(2)-192.168.1.76] o.a.c.c.C.[Tomcat].[localhost].[/]       : Initializing Spring DispatcherServlet 'dispatcherServlet'
2022-05-13 16:16:16.756  INFO 2548 --- [RMI TCP Connection(2)-192.168.1.76] o.s.web.servlet.DispatcherServlet        : Initializing Servlet 'dispatcherServlet'
2022-05-13 16:16:16.760  INFO 2548 --- [RMI TCP Connection(2)-192.168.1.76] o.s.web.servlet.DispatcherServlet        : Completed initialization in 4 ms
2022-05-13 16:16:38.674 ERROR 2548 --- [http-nio-8080-exec-1] o.a.c.c.C.[.[.[/].[dispatcherServlet]    : Servlet.service() for servlet [dispatcherServlet] in context with path [] threw exception [Request processing failed; nested exception is java.lang.IllegalArgumentException: Page size must not be less than one!] with root cause

java.lang.IllegalArgumentException: Page size must not be less than one!
	at org.springframework.data.domain.AbstractPageRequest.<init>(AbstractPageRequest.java:50) ~[spring-data-commons-2.3.1.RELEASE.jar:2.3.1.RELEASE]
	at org.springframework.data.domain.PageRequest.<init>(PageRequest.java:43) ~[spring-data-commons-2.3.1.RELEASE.jar:2.3.1.RELEASE]
	at org.springframework.data.domain.PageRequest.of(PageRequest.java:70) ~[spring-data-commons-2.3.1.RELEASE.jar:2.3.1.RELEASE]
	at org.springframework.data.domain.PageRequest.of(PageRequest.java:58) ~[spring-data-commons-2.3.1.RELEASE.jar:2.3.1.RELEASE]
	at fr.dawan.miseEnSituation.services.UtilisateurServiceImpl.findByNameSearch(UtilisateurServiceImpl.java:98) ~[classes/:na]
	at fr.dawan.miseEnSituation.controllers.UtilisateurController.getByNameSearch(UtilisateurController.java:40) ~[classes/:na]
	at sun.reflect.NativeMethodAccessorImpl.invoke0(Native Method) ~[na:1.8.0_301]
	at sun.reflect.NativeMethodAccessorImpl.invoke(NativeMethodAccessorImpl.java:62) ~[na:1.8.0_301]
	at sun.reflect.DelegatingMethodAccessorImpl.invoke(DelegatingMethodAccessorImpl.java:43) ~[na:1.8.0_301]
	at java.lang.reflect.Method.invoke(Method.java:498) ~[na:1.8.0_301]
	at org.springframework.web.method.support.InvocableHandlerMethod.doInvoke(InvocableHandlerMethod.java:190) ~[spring-web-5.2.7.RELEASE.jar:5.2.7.RELEASE]
	at org.springframework.web.method.support.InvocableHandlerMethod.invokeForRequest(InvocableHandlerMethod.java:138) ~[spring-web-5.2.7.RELEASE.jar:5.2.7.RELEASE]
	at org.springframework.web.servlet.mvc.method.annotation.ServletInvocableHandlerMethod.invokeAndHandle(ServletInvocableHandlerMethod.java:105) ~[spring-webmvc-5.2.7.RELEASE.jar:5.2.7.RELEASE]
	at org.springframework.web.servlet.mvc.method.annotation.RequestMappingHandlerAdapter.invokeHandlerMethod(RequestMappingHandlerAdapter.java:879) ~[spring-webmvc-5.2.7.RELEASE.jar:5.2.7.RELEASE]
	at org.springframework.web.servlet.mvc.method.annotation.RequestMappingHandlerAdapter.handleInternal(RequestMappingHandlerAdapter.java:793) ~[spring-webmvc-5.2.7.RELEASE.jar:5.2.7.RELEASE]
	at org.springframework.web.servlet.mvc.method.AbstractHandlerMethodAdapter.handle(AbstractHandlerMethodAdapter.java:87) ~[spring-webmvc-5.2.7.RELEASE.jar:5.2.7.RELEASE]
	at org.springframework.web.servlet.DispatcherServlet.doDispatch(DispatcherServlet.java:1040) ~[spring-webmvc-5.2.7.RELEASE.jar:5.2.7.RELEASE]
	at org.springframework.web.servlet.DispatcherServlet.doService(DispatcherServlet.java:943) ~[spring-webmvc-5.2.7.RELEASE.jar:5.2.7.RELEASE]
	at org.springframework.web.servlet.FrameworkServlet.processRequest(FrameworkServlet.java:1006) ~[spring-webmvc-5.2.7.RELEASE.jar:5.2.7.RELEASE]
	at org.springframework.web.servlet.FrameworkServlet.doGet(FrameworkServlet.java:898) ~[spring-webmvc-5.2.7.RELEASE.jar:5.2.7.RELEASE]
	at javax.servlet.http.HttpServlet.service(HttpServlet.java:634) ~[tomcat-embed-core-9.0.36.jar:9.0.36]
	at org.springframework.web.servlet.FrameworkServlet.service(FrameworkServlet.java:883) ~[spring-webmvc-5.2.7.RELEASE.jar:5.2.7.RELEASE]
	at javax.servlet.http.HttpServlet.service(HttpServlet.java:741) ~[tomcat-embed-core-9.0.36.jar:9.0.36]
	at org.apache.catalina.core.ApplicationFilterChain.internalDoFilter(ApplicationFilterChain.java:231) ~[tomcat-embed-core-9.0.36.jar:9.0.36]
	at org.apache.catalina.core.ApplicationFilterChain.doFilter(ApplicationFilterChain.java:166) ~[tomcat-embed-core-9.0.36.jar:9.0.36]
	at org.apache.tomcat.websocket.server.WsFilter.doFilter(WsFilter.java:53) ~[tomcat-embed-websocket-9.0.36.jar:9.0.36]
	at org.apache.catalina.core.ApplicationFilterChain.internalDoFilter(ApplicationFilterChain.java:193) ~[tomcat-embed-core-9.0.36.jar:9.0.36]
	at org.apache.catalina.core.ApplicationFilterChain.doFilter(ApplicationFilterChain.java:166) ~[tomcat-embed-core-9.0.36.jar:9.0.36]
	at org.springframework.web.servlet.resource.ResourceUrlEncodingFilter.doFilter(ResourceUrlEncodingFilter.java:64) ~[spring-webmvc-5.2.7.RELEASE.jar:5.2.7.RELEASE]
	at org.apache.catalina.core.ApplicationFilterChain.internalDoFilter(ApplicationFilterChain.java:193) ~[tomcat-embed-core-9.0.36.jar:9.0.36]
	at org.apache.catalina.core.ApplicationFilterChain.doFilter(ApplicationFilterChain.java:166) ~[tomcat-embed-core-9.0.36.jar:9.0.36]
	at org.springframework.web.filter.RequestContextFilter.doFilterInternal(RequestContextFilter.java:100) ~[spring-web-5.2.7.RELEASE.jar:5.2.7.RELEASE]
	at org.springframework.web.filter.OncePerRequestFilter.doFilter(OncePerRequestFilter.java:119) ~[spring-web-5.2.7.RELEASE.jar:5.2.7.RELEASE]
	at org.apache.catalina.core.ApplicationFilterChain.internalDoFilter(ApplicationFilterChain.java:193) ~[tomcat-embed-core-9.0.36.jar:9.0.36]
	at org.apache.catalina.core.ApplicationFilterChain.doFilter(ApplicationFilterChain.java:166) ~[tomcat-embed-core-9.0.36.jar:9.0.36]
	at org.springframework.web.filter.FormContentFilter.doFilterInternal(FormContentFilter.java:93) ~[spring-web-5.2.7.RELEASE.jar:5.2.7.RELEASE]
	at org.springframework.web.filter.OncePerRequestFilter.doFilter(OncePerRequestFilter.java:119) ~[spring-web-5.2.7.RELEASE.jar:5.2.7.RELEASE]
	at org.apache.catalina.core.ApplicationFilterChain.internalDoFilter(ApplicationFilterChain.java:193) ~[tomcat-embed-core-9.0.36.jar:9.0.36]
	at org.apache.catalina.core.ApplicationFilterChain.doFilter(ApplicationFilterChain.java:166) ~[tomcat-embed-core-9.0.36.jar:9.0.36]
	at org.springframework.boot.actuate.metrics.web.servlet.WebMvcMetricsFilter.doFilterInternal(WebMvcMetricsFilter.java:93) ~[spring-boot-actuator-2.3.1.RELEASE.jar:2.3.1.RELEASE]
	at org.springframework.web.filter.OncePerRequestFilter.doFilter(OncePerRequestFilter.java:119) ~[spring-web-5.2.7.RELEASE.jar:5.2.7.RELEASE]
	at org.apache.catalina.core.ApplicationFilterChain.internalDoFilter(ApplicationFilterChain.java:193) ~[tomcat-embed-core-9.0.36.jar:9.0.36]
	at org.apache.catalina.core.ApplicationFilterChain.doFilter(ApplicationFilterChain.java:166) ~[tomcat-embed-core-9.0.36.jar:9.0.36]
	at org.springframework.web.filter.CharacterEncodingFilter.doFilterInternal(CharacterEncodingFilter.java:201) ~[spring-web-5.2.7.RELEASE.jar:5.2.7.RELEASE]
	at org.springframework.web.filter.OncePerRequestFilter.doFilter(OncePerRequestFilter.java:119) ~[spring-web-5.2.7.RELEASE.jar:5.2.7.RELEASE]
	at org.apache.catalina.core.ApplicationFilterChain.internalDoFilter(ApplicationFilterChain.java:193) ~[tomcat-embed-core-9.0.36.jar:9.0.36]
	at org.apache.catalina.core.ApplicationFilterChain.doFilter(ApplicationFilterChain.java:166) ~[tomcat-embed-core-9.0.36.jar:9.0.36]
	at org.apache.catalina.core.StandardWrapperValve.invoke(StandardWrapperValve.java:202) ~[tomcat-embed-core-9.0.36.jar:9.0.36]
	at org.apache.catalina.core.StandardContextValve.invoke(StandardContextValve.java:96) [tomcat-embed-core-9.0.36.jar:9.0.36]
	at org.apache.catalina.authenticator.AuthenticatorBase.invoke(AuthenticatorBase.java:541) [tomcat-embed-core-9.0.36.jar:9.0.36]
	at org.apache.catalina.core.StandardHostValve.invoke(StandardHostValve.java:139) [tomcat-embed-core-9.0.36.jar:9.0.36]
	at org.apache.catalina.valves.ErrorReportValve.invoke(ErrorReportValve.java:92) [tomcat-embed-core-9.0.36.jar:9.0.36]
	at org.apache.catalina.core.StandardEngineValve.invoke(StandardEngineValve.java:74) [tomcat-embed-core-9.0.36.jar:9.0.36]
	at org.apache.catalina.connector.CoyoteAdapter.service(CoyoteAdapter.java:343) [tomcat-embed-core-9.0.36.jar:9.0.36]
	at org.apache.coyote.http11.Http11Processor.service(Http11Processor.java:373) [tomcat-embed-core-9.0.36.jar:9.0.36]
	at org.apache.coyote.AbstractProcessorLight.process(AbstractProcessorLight.java:65) [tomcat-embed-core-9.0.36.jar:9.0.36]
	at org.apache.coyote.AbstractProtocol$ConnectionHandler.process(AbstractProtocol.java:868) [tomcat-embed-core-9.0.36.jar:9.0.36]
	at org.apache.tomcat.util.net.NioEndpoint$SocketProcessor.doRun(NioEndpoint.java:1590) [tomcat-embed-core-9.0.36.jar:9.0.36]
	at org.apache.tomcat.util.net.SocketProcessorBase.run(SocketProcessorBase.java:49) [tomcat-embed-core-9.0.36.jar:9.0.36]
	at java.util.concurrent.ThreadPoolExecutor.runWorker(ThreadPoolExecutor.java:1149) [na:1.8.0_301]
	at java.util.concurrent.ThreadPoolExecutor$Worker.run(ThreadPoolExecutor.java:624) [na:1.8.0_301]
	at org.apache.tomcat.util.threads.TaskThread$WrappingRunnable.run(TaskThread.java:61) [tomcat-embed-core-9.0.36.jar:9.0.36]
	at java.lang.Thread.run(Thread.java:748) [na:1.8.0_301]

2022-05-13 16:39:46.694  INFO 7456 --- [main] f.d.m.MiseEnSituationApplication         : Starting MiseEnSituationApplication on cc483a4c5db3 with PID 7456 (C:\Users\Admin stagiaire.DESKTOP-8967908\Desktop\cours 2022\mise_en_situation\miseEnSituation\target\classes started by Admin stagiaire in C:\Users\Admin stagiaire.DESKTOP-8967908\Desktop\cours 2022\mise_en_situation\miseEnSituation)
2022-05-13 16:39:46.695  INFO 7456 --- [main] f.d.m.MiseEnSituationApplication         : No active profile set, falling back to default profiles: default
2022-05-13 16:39:47.367  INFO 7456 --- [main] .s.d.r.c.RepositoryConfigurationDelegate : Bootstrapping Spring Data JPA repositories in DEFERRED mode.
2022-05-13 16:39:47.439  INFO 7456 --- [main] .s.d.r.c.RepositoryConfigurationDelegate : Finished Spring Data repository scanning in 66ms. Found 13 JPA repository interfaces.
2022-05-13 16:39:47.751  INFO 7456 --- [main] o.s.b.w.embedded.tomcat.TomcatWebServer  : Tomcat initialized with port(s): 8080 (http)
2022-05-13 16:39:47.756  INFO 7456 --- [main] o.apache.catalina.core.StandardService   : Starting service [Tomcat]
2022-05-13 16:39:47.757  INFO 7456 --- [main] org.apache.catalina.core.StandardEngine  : Starting Servlet engine: [Apache Tomcat/9.0.36]
2022-05-13 16:39:47.843  INFO 7456 --- [main] o.a.c.c.C.[Tomcat].[localhost].[/]       : Initializing Spring embedded WebApplicationContext
2022-05-13 16:39:47.843  INFO 7456 --- [main] w.s.c.ServletWebServerApplicationContext : Root WebApplicationContext: initialization completed in 1123 ms
2022-05-13 16:39:48.025  INFO 7456 --- [main] o.s.s.concurrent.ThreadPoolTaskExecutor  : Initializing ExecutorService 'applicationTaskExecutor'
2022-05-13 16:39:48.054  INFO 7456 --- [task-1] o.hibernate.jpa.internal.util.LogHelper  : HHH000204: Processing PersistenceUnitInfo [name: default]
2022-05-13 16:39:48.082  INFO 7456 --- [task-1] org.hibernate.Version                    : HHH000412: Hibernate ORM core version 5.4.17.Final
2022-05-13 16:39:48.231  INFO 7456 --- [task-1] o.hibernate.annotations.common.Version   : HCANN000001: Hibernate Commons Annotations {5.1.0.Final}
2022-05-13 16:39:48.288  INFO 7456 --- [task-1] com.zaxxer.hikari.HikariDataSource       : HikariPool-1 - Starting...
2022-05-13 16:39:48.313  INFO 7456 --- [task-1] com.zaxxer.hikari.HikariDataSource       : HikariPool-1 - Start completed.
2022-05-13 16:39:48.315  WARN 7456 --- [main] JpaBaseConfiguration$JpaWebConfiguration : spring.jpa.open-in-view is enabled by default. Therefore, database queries may be performed during view rendering. Explicitly configure spring.jpa.open-in-view to disable this warning
2022-05-13 16:39:48.322  INFO 7456 --- [task-1] org.hibernate.dialect.Dialect            : HHH000400: Using dialect: org.hibernate.dialect.MariaDBDialect
2022-05-13 16:39:48.890  INFO 7456 --- [task-1] o.h.e.t.j.p.i.JtaPlatformInitiator       : HHH000490: Using JtaPlatform implementation: [org.hibernate.engine.transaction.jta.platform.internal.NoJtaPlatform]
2022-05-13 16:39:48.894  INFO 7456 --- [task-1] j.LocalContainerEntityManagerFactoryBean : Initialized JPA EntityManagerFactory for persistence unit 'default'
2022-05-13 16:39:48.926  INFO 7456 --- [main] o.s.b.a.e.web.EndpointLinksResolver      : Exposing 2 endpoint(s) beneath base path '/actuator'
2022-05-13 16:39:48.964  INFO 7456 --- [main] o.s.b.w.embedded.tomcat.TomcatWebServer  : Tomcat started on port(s): 8080 (http) with context path ''
2022-05-13 16:39:48.965  INFO 7456 --- [main] DeferredRepositoryInitializationListener : Triggering deferred initialization of Spring Data repositories…
2022-05-13 16:39:49.333  INFO 7456 --- [main] DeferredRepositoryInitializationListener : Spring Data repositories initialized!
2022-05-13 16:39:49.343  INFO 7456 --- [main] f.d.m.MiseEnSituationApplication         : Started MiseEnSituationApplication in 2.879 seconds (JVM running for 3.402)
2022-05-13 16:39:49.966  INFO 7456 --- [RMI TCP Connection(1)-192.168.1.76] o.a.c.c.C.[Tomcat].[localhost].[/]       : Initializing Spring DispatcherServlet 'dispatcherServlet'
2022-05-13 16:39:49.966  INFO 7456 --- [RMI TCP Connection(1)-192.168.1.76] o.s.web.servlet.DispatcherServlet        : Initializing Servlet 'dispatcherServlet'
2022-05-13 16:39:49.970  INFO 7456 --- [RMI TCP Connection(1)-192.168.1.76] o.s.web.servlet.DispatcherServlet        : Completed initialization in 4 ms
2022-05-13 16:45:20.678  WARN 7456 --- [http-nio-8080-exec-5] .w.s.m.s.DefaultHandlerExceptionResolver : Resolved [org.springframework.web.method.annotation.MethodArgumentTypeMismatchException: Failed to convert value of type 'java.lang.String' to required type 'long'; nested exception is java.lang.NumberFormatException: For input string: "count"]
2022-05-13 16:45:20.689  WARN 7456 --- [http-nio-8080-exec-9] .w.s.m.s.DefaultHandlerExceptionResolver : Resolved [org.springframework.web.method.annotation.MethodArgumentTypeMismatchException: Failed to convert value of type 'java.lang.String' to required type 'long'; nested exception is java.lang.NumberFormatException: For input string: "count"]
2022-05-13 16:45:51.729  WARN 7456 --- [http-nio-8080-exec-1] .w.s.m.s.DefaultHandlerExceptionResolver : Resolved [org.springframework.web.method.annotation.MethodArgumentTypeMismatchException: Failed to convert value of type 'java.lang.String' to required type 'long'; nested exception is java.lang.NumberFormatException: For input string: "count"]
2022-05-13 16:45:51.739  WARN 7456 --- [http-nio-8080-exec-3] .w.s.m.s.DefaultHandlerExceptionResolver : Resolved [org.springframework.web.method.annotation.MethodArgumentTypeMismatchException: Failed to convert value of type 'java.lang.String' to required type 'long'; nested exception is java.lang.NumberFormatException: For input string: "count"]
2022-05-13 16:50:11.256  WARN 7456 --- [http-nio-8080-exec-5] .w.s.m.s.DefaultHandlerExceptionResolver : Resolved [org.springframework.web.method.annotation.MethodArgumentTypeMismatchException: Failed to convert value of type 'java.lang.String' to required type 'long'; nested exception is java.lang.NumberFormatException: For input string: "count"]
2022-05-13 16:50:11.269  WARN 7456 --- [http-nio-8080-exec-1] .w.s.m.s.DefaultHandlerExceptionResolver : Resolved [org.springframework.web.method.annotation.MethodArgumentTypeMismatchException: Failed to convert value of type 'java.lang.String' to required type 'long'; nested exception is java.lang.NumberFormatException: For input string: "count"]
2022-05-13 16:50:35.590  WARN 7456 --- [http-nio-8080-exec-3] .w.s.m.s.DefaultHandlerExceptionResolver : Resolved [org.springframework.web.method.annotation.MethodArgumentTypeMismatchException: Failed to convert value of type 'java.lang.String' to required type 'long'; nested exception is java.lang.NumberFormatException: For input string: "count"]
2022-05-13 16:50:35.601  WARN 7456 --- [http-nio-8080-exec-4] .w.s.m.s.DefaultHandlerExceptionResolver : Resolved [org.springframework.web.method.annotation.MethodArgumentTypeMismatchException: Failed to convert value of type 'java.lang.String' to required type 'long'; nested exception is java.lang.NumberFormatException: For input string: "count"]
2022-05-13 16:57:25.018  WARN 7456 --- [http-nio-8080-exec-2] .w.s.m.s.DefaultHandlerExceptionResolver : Resolved [org.springframework.web.method.annotation.MethodArgumentTypeMismatchException: Failed to convert value of type 'java.lang.String' to required type 'long'; nested exception is java.lang.NumberFormatException: For input string: "count"]
2022-05-13 16:57:25.029  WARN 7456 --- [http-nio-8080-exec-7] .w.s.m.s.DefaultHandlerExceptionResolver : Resolved [org.springframework.web.method.annotation.MethodArgumentTypeMismatchException: Failed to convert value of type 'java.lang.String' to required type 'long'; nested exception is java.lang.NumberFormatException: For input string: "count"]
